<?xml version="1.0" encoding="UTF-8"?>
<testng-results skipped="0" failed="1" ignored="9" total="10" passed="0">
  <reporter-output>
  </reporter-output>
  <suite name="suite" duration-ms="15036" started-at="2021-08-31T13:34:50 IST" finished-at="2021-08-31T13:35:05 IST">
    <groups>
    </groups>
    <test name="Test" duration-ms="15036" started-at="2021-08-31T13:34:50 IST" finished-at="2021-08-31T13:35:05 IST">
      <class name="com.openkart.Testclass.TC_ProductSearch">
        <test-method status="PASS" signature="setup(java.lang.String)[pri:0, instance:com.openkart.Testclass.TC_ProductSearch@7a3d45bd]" name="setup" is-config="true" duration-ms="8450" started-at="2021-08-31T13:34:50 IST" finished-at="2021-08-31T13:34:58 IST">
          <params>
            <param index="0">
              <value>
                <![CDATA[chrome]]>
              </value>
            </param>
          </params>
          <reporter-output>
          </reporter-output>
        </test-method> <!-- setup -->
        <test-method status="FAIL" signature="VerifyUserAbleToSortTheProductsDisplayedintheSearchResults()[pri:0, instance:com.openkart.Testclass.TC_ProductSearch@7a3d45bd]" name="VerifyUserAbleToSortTheProductsDisplayedintheSearchResults" duration-ms="5897" started-at="2021-08-31T13:34:58 IST" finished-at="2021-08-31T13:35:04 IST">
          <exception class="java.lang.AssertionError">
            <message>
              <![CDATA[expected [true] but found [false]]]>
            </message>
            <full-stacktrace>
              <![CDATA[java.lang.AssertionError: expected [true] but found [false]
at org.testng.Assert.fail(Assert.java:99)
at org.testng.Assert.failNotEquals(Assert.java:1037)
at org.testng.Assert.assertEqualsImpl(Assert.java:140)
at org.testng.Assert.assertEquals(Assert.java:122)
at org.testng.Assert.assertEquals(Assert.java:617)
at com.openkart.Testclass.TC_ProductSearch.VerifyUserAbleToSortTheProductsDisplayedintheSearchResults(TC_ProductSearch.java:201)
at sun.reflect.NativeMethodAccessorImpl.invoke0(Native Method)
at sun.reflect.NativeMethodAccessorImpl.invoke(NativeMethodAccessorImpl.java:62)
at sun.reflect.DelegatingMethodAccessorImpl.invoke(DelegatingMethodAccessorImpl.java:43)
at java.lang.reflect.Method.invoke(Method.java:498)
at org.testng.internal.MethodInvocationHelper.invokeMethod(MethodInvocationHelper.java:133)
at org.testng.internal.TestInvoker.invokeMethod(TestInvoker.java:598)
at org.testng.internal.TestInvoker.invokeTestMethod(TestInvoker.java:173)
at org.testng.internal.MethodRunner.runInSequence(MethodRunner.java:46)
at org.testng.internal.TestInvoker$MethodInvocationAgent.invoke(TestInvoker.java:824)
at org.testng.internal.TestInvoker.invokeTestMethods(TestInvoker.java:146)
at org.testng.internal.TestMethodWorker.invokeTestMethods(TestMethodWorker.java:146)
at org.testng.internal.TestMethodWorker.run(TestMethodWorker.java:128)
at java.util.ArrayList.forEach(ArrayList.java:1257)
at org.testng.TestRunner.privateRun(TestRunner.java:794)
at org.testng.TestRunner.run(TestRunner.java:596)
at org.testng.SuiteRunner.runTest(SuiteRunner.java:377)
at org.testng.SuiteRunner.runSequentially(SuiteRunner.java:371)
at org.testng.SuiteRunner.privateRun(SuiteRunner.java:332)
at org.testng.SuiteRunner.run(SuiteRunner.java:276)
at org.testng.SuiteRunnerWorker.runSuite(SuiteRunnerWorker.java:53)
at org.testng.SuiteRunnerWorker.run(SuiteRunnerWorker.java:96)
at org.testng.TestNG.runSuitesSequentially(TestNG.java:1212)
at org.testng.TestNG.runSuitesLocally(TestNG.java:1134)
at org.testng.TestNG.runSuites(TestNG.java:1063)
at org.testng.TestNG.run(TestNG.java:1031)
at org.testng.remote.AbstractRemoteTestNG.run(AbstractRemoteTestNG.java:115)
at org.testng.remote.RemoteTestNG.initAndRun(RemoteTestNG.java:251)
at org.testng.remote.RemoteTestNG.main(RemoteTestNG.java:77)
]]>
            </full-stacktrace>
          </exception> <!-- java.lang.AssertionError -->
          <reporter-output>
          </reporter-output>
        </test-method> <!-- VerifyUserAbleToSortTheProductsDisplayedintheSearchResults -->
        <test-method status="PASS" signature="teardown()[pri:0, instance:com.openkart.Testclass.TC_ProductSearch@7a3d45bd]" name="teardown" is-config="true" duration-ms="426" started-at="2021-08-31T13:35:04 IST" finished-at="2021-08-31T13:35:05 IST">
          <reporter-output>
          </reporter-output>
        </test-method> <!-- teardown -->
      </class> <!-- com.openkart.Testclass.TC_ProductSearch -->
    </test> <!-- Test -->
  </suite> <!-- suite -->
</testng-results>
