<?xml version="1.0" encoding="UTF-8"?>
<!-- Generated by org.testng.reporters.JUnitXMLReporter -->
<testsuite hostname="DESKTOP-U9BEVS1" ignored="5" name="Default test(failed)" tests="7" failures="0" timestamp="2021-08-23T16:41:52 IST" time="1.345" errors="0">
  <testcase name="@BeforeMethod setup" time="-1.629717111937E9" classname="com.openkart.Baseclass.Basepage">
    <failure type="org.testng.TestNGException" message="
Parameter &amp;apos;browser&amp;apos; is required by BeforeMethod on method setup but has not been marked @Optional or defined
in C:\Users\Ajay AM\git\openkart_project\openkart_project\test-output\testng-failed.xml">
      <![CDATA[org.testng.TestNGException: 
Parameter 'browser' is required by BeforeMethod on method setup but has not been marked @Optional or defined
in C:\Users\Ajay AM\git\openkart_project\openkart_project\test-output\testng-failed.xml
at java.util.ArrayList.forEach(ArrayList.java:1257)
... Removed 28 stack frames]]>
    </failure>
  </testcase> <!-- @BeforeMethod setup -->
  <testcase name="@AfterMethod teardown" time="-1.629717111959E9" classname="com.openkart.Baseclass.Basepage">
    <skipped/>
  </testcase> <!-- @AfterMethod teardown -->
  <testcase name="@BeforeMethod setup" time="-1.629717111962E9" classname="com.openkart.Baseclass.Basepage">
    <skipped/>
  </testcase> <!-- @BeforeMethod setup -->
  <testcase name="@AfterMethod teardown" time="-1.629717111972E9" classname="com.openkart.Baseclass.Basepage">
    <skipped/>
  </testcase> <!-- @AfterMethod teardown -->
  <testcase name="@BeforeMethod setup" time="-1.629717111975E9" classname="com.openkart.Baseclass.Basepage">
    <skipped/>
  </testcase> <!-- @BeforeMethod setup -->
  <testcase name="@AfterMethod teardown" time="-1.629717111983E9" classname="com.openkart.Baseclass.Basepage">
    <skipped/>
  </testcase> <!-- @AfterMethod teardown -->
  <testcase name="@BeforeMethod setup" time="-1.629717111987E9" classname="com.openkart.Baseclass.Basepage">
    <skipped/>
  </testcase> <!-- @BeforeMethod setup -->
  <testcase name="@AfterMethod teardown" time="-1.629717111998E9" classname="com.openkart.Baseclass.Basepage">
    <skipped/>
  </testcase> <!-- @AfterMethod teardown -->
  <testcase name="@BeforeMethod setup" time="-1.629717112003E9" classname="com.openkart.Baseclass.Basepage">
    <skipped/>
  </testcase> <!-- @BeforeMethod setup -->
  <testcase name="@AfterMethod teardown" time="-1.62971711201E9" classname="com.openkart.Baseclass.Basepage">
    <skipped/>
  </testcase> <!-- @AfterMethod teardown -->
  <testcase name="@BeforeMethod setup" time="-1.629717112011E9" classname="com.openkart.Baseclass.Basepage">
    <skipped/>
  </testcase> <!-- @BeforeMethod setup -->
  <testcase name="@AfterMethod teardown" time="-1.629717112017E9" classname="com.openkart.Baseclass.Basepage">
    <skipped/>
  </testcase> <!-- @AfterMethod teardown -->
  <testcase name="@BeforeMethod setup" time="-1.629717112018E9" classname="com.openkart.Baseclass.Basepage">
    <skipped/>
  </testcase> <!-- @BeforeMethod setup -->
  <testcase name="@AfterMethod teardown" time="-1.629717112022E9" classname="com.openkart.Baseclass.Basepage">
    <skipped/>
  </testcase> <!-- @AfterMethod teardown -->
  <testcase name="VerifyLoginWithInvalidCredential" time="0.0" classname="com.openkart.Testclass.TC_Login_001">
    <skipped/>
  </testcase> <!-- VerifyLoginWithInvalidCredential -->
  <testcase name="VerifyLoginWithInvalidCredential" time="0.0" classname="com.openkart.Testclass.TC_Login_001">
    <skipped/>
  </testcase> <!-- VerifyLoginWithInvalidCredential -->
  <testcase name="VerifyLoginWithInvalidCredential" time="0.0" classname="com.openkart.Testclass.TC_Login_001">
    <skipped/>
  </testcase> <!-- VerifyLoginWithInvalidCredential -->
  <testcase name="VerifyLoginWithInvalidCredential" time="0.0" classname="com.openkart.Testclass.TC_Login_001">
    <skipped/>
  </testcase> <!-- VerifyLoginWithInvalidCredential -->
  <testcase name="VerifyLoginWithInvalidCredential" time="0.0" classname="com.openkart.Testclass.TC_Login_001">
    <skipped/>
  </testcase> <!-- VerifyLoginWithInvalidCredential -->
  <testcase name="VerifyLoginWithInvalidCredential" time="0.0" classname="com.openkart.Testclass.TC_Login_001">
    <skipped/>
  </testcase> <!-- VerifyLoginWithInvalidCredential -->
  <testcase name="VerifyLoginWithInvalidCredential" time="0.0" classname="com.openkart.Testclass.TC_Login_001">
    <skipped/>
  </testcase> <!-- VerifyLoginWithInvalidCredential -->
  <testcase name="VerifyLoginWithValidCredential" time="0.0" classname="com.openkart.Testclass.TC_Login_001">
    <ignored/>
  </testcase> <!-- VerifyLoginWithValidCredential -->
  <testcase name="VerifyLoginBrowsingBackByBackButton" time="0.0" classname="com.openkart.Testclass.TC_Login_001">
    <ignored/>
  </testcase> <!-- VerifyLoginBrowsingBackByBackButton -->
  <testcase name="VerifyPlaceHolderTextEmailPassword" time="0.0" classname="com.openkart.Testclass.TC_Login_001">
    <ignored/>
  </testcase> <!-- VerifyPlaceHolderTextEmailPassword -->
  <testcase name="VerifyForgottPasswordLinkAvailable" time="0.0" classname="com.openkart.Testclass.TC_Login_001">
    <ignored/>
  </testcase> <!-- VerifyForgottPasswordLinkAvailable -->
  <testcase name="VerifyLoginFieldWithoutCredential" time="0.0" classname="com.openkart.Testclass.TC_Login_001">
    <ignored/>
  </testcase> <!-- VerifyLoginFieldWithoutCredential -->
</testsuite> <!-- Default test(failed) -->
