<?xml version="1.0" encoding="UTF-8"?>
<!-- Generated by org.testng.reporters.JUnitXMLReporter -->
<testsuite hostname="DESKTOP-U9BEVS1" ignored="5" name="Default test(failed)(failed)" tests="7" failures="0" timestamp="2021-08-23T16:42:02 IST" time="1.383" errors="0">
  <testcase name="@BeforeMethod setup" time="-1.629717122435E9" classname="com.openkart.Baseclass.Basepage">
    <failure type="org.testng.TestNGException" message="
Parameter &amp;apos;browser&amp;apos; is required by BeforeMethod on method setup but has not been marked @Optional or defined
in C:\Users\Ajay AM\git\openkart_project\openkart_project\test-output\testng-failed.xml">
      <![CDATA[org.testng.TestNGException: 
Parameter 'browser' is required by BeforeMethod on method setup but has not been marked @Optional or defined
in C:\Users\Ajay AM\git\openkart_project\openkart_project\test-output\testng-failed.xml
at java.util.ArrayList.forEach(ArrayList.java:1257)
... Removed 28 stack frames]]>
    </failure>
  </testcase> <!-- @BeforeMethod setup -->
  <testcase name="@AfterMethod teardown" time="-1.629717122462E9" classname="com.openkart.Baseclass.Basepage">
    <skipped/>
  </testcase> <!-- @AfterMethod teardown -->
  <testcase name="@BeforeMethod setup" time="-1.629717122465E9" classname="com.openkart.Baseclass.Basepage">
    <skipped/>
  </testcase> <!-- @BeforeMethod setup -->
  <testcase name="@AfterMethod teardown" time="-1.629717122471E9" classname="com.openkart.Baseclass.Basepage">
    <skipped/>
  </testcase> <!-- @AfterMethod teardown -->
  <testcase name="@BeforeMethod setup" time="-1.629717122473E9" classname="com.openkart.Baseclass.Basepage">
    <skipped/>
  </testcase> <!-- @BeforeMethod setup -->
  <testcase name="@AfterMethod teardown" time="-1.629717122478E9" classname="com.openkart.Baseclass.Basepage">
    <skipped/>
  </testcase> <!-- @AfterMethod teardown -->
  <testcase name="@BeforeMethod setup" time="-1.629717122487E9" classname="com.openkart.Baseclass.Basepage">
    <skipped/>
  </testcase> <!-- @BeforeMethod setup -->
  <testcase name="@AfterMethod teardown" time="-1.629717122508E9" classname="com.openkart.Baseclass.Basepage">
    <skipped/>
  </testcase> <!-- @AfterMethod teardown -->
  <testcase name="@BeforeMethod setup" time="-1.62971712251E9" classname="com.openkart.Baseclass.Basepage">
    <skipped/>
  </testcase> <!-- @BeforeMethod setup -->
  <testcase name="@AfterMethod teardown" time="-1.629717122524E9" classname="com.openkart.Baseclass.Basepage">
    <skipped/>
  </testcase> <!-- @AfterMethod teardown -->
  <testcase name="@BeforeMethod setup" time="-1.62971712253E9" classname="com.openkart.Baseclass.Basepage">
    <skipped/>
  </testcase> <!-- @BeforeMethod setup -->
  <testcase name="@AfterMethod teardown" time="-1.629717122535E9" classname="com.openkart.Baseclass.Basepage">
    <skipped/>
  </testcase> <!-- @AfterMethod teardown -->
  <testcase name="@BeforeMethod setup" time="-1.629717122536E9" classname="com.openkart.Baseclass.Basepage">
    <skipped/>
  </testcase> <!-- @BeforeMethod setup -->
  <testcase name="@AfterMethod teardown" time="-1.629717122541E9" classname="com.openkart.Baseclass.Basepage">
    <skipped/>
  </testcase> <!-- @AfterMethod teardown -->
  <testcase name="VerifyLoginWithInvalidCredential" time="0.0" classname="com.openkart.Testclass.TC_Login_001">
    <skipped/>
  </testcase> <!-- VerifyLoginWithInvalidCredential -->
  <testcase name="VerifyLoginWithInvalidCredential" time="0.0" classname="com.openkart.Testclass.TC_Login_001">
    <skipped/>
  </testcase> <!-- VerifyLoginWithInvalidCredential -->
  <testcase name="VerifyLoginWithInvalidCredential" time="0.0" classname="com.openkart.Testclass.TC_Login_001">
    <skipped/>
  </testcase> <!-- VerifyLoginWithInvalidCredential -->
  <testcase name="VerifyLoginWithInvalidCredential" time="0.0" classname="com.openkart.Testclass.TC_Login_001">
    <skipped/>
  </testcase> <!-- VerifyLoginWithInvalidCredential -->
  <testcase name="VerifyLoginWithInvalidCredential" time="0.0" classname="com.openkart.Testclass.TC_Login_001">
    <skipped/>
  </testcase> <!-- VerifyLoginWithInvalidCredential -->
  <testcase name="VerifyLoginWithInvalidCredential" time="0.0" classname="com.openkart.Testclass.TC_Login_001">
    <skipped/>
  </testcase> <!-- VerifyLoginWithInvalidCredential -->
  <testcase name="VerifyLoginWithInvalidCredential" time="0.0" classname="com.openkart.Testclass.TC_Login_001">
    <skipped/>
  </testcase> <!-- VerifyLoginWithInvalidCredential -->
  <testcase name="VerifyLoginWithValidCredential" time="0.0" classname="com.openkart.Testclass.TC_Login_001">
    <ignored/>
  </testcase> <!-- VerifyLoginWithValidCredential -->
  <testcase name="VerifyLoginBrowsingBackByBackButton" time="0.0" classname="com.openkart.Testclass.TC_Login_001">
    <ignored/>
  </testcase> <!-- VerifyLoginBrowsingBackByBackButton -->
  <testcase name="VerifyPlaceHolderTextEmailPassword" time="0.0" classname="com.openkart.Testclass.TC_Login_001">
    <ignored/>
  </testcase> <!-- VerifyPlaceHolderTextEmailPassword -->
  <testcase name="VerifyForgottPasswordLinkAvailable" time="0.0" classname="com.openkart.Testclass.TC_Login_001">
    <ignored/>
  </testcase> <!-- VerifyForgottPasswordLinkAvailable -->
  <testcase name="VerifyLoginFieldWithoutCredential" time="0.0" classname="com.openkart.Testclass.TC_Login_001">
    <ignored/>
  </testcase> <!-- VerifyLoginFieldWithoutCredential -->
</testsuite> <!-- Default test(failed)(failed) -->
