<?xml version="1.0" encoding="UTF-8"?>
<!-- Generated by org.testng.reporters.JUnitXMLReporter -->
<testsuite hostname="DESKTOP-U9BEVS1" ignored="0" name="Test" tests="18" failures="1" timestamp="2021-08-23T16:47:18 IST" time="173.948" errors="0">
  <testcase name="VerifyLoginWithValidCredential" time="4.773" classname="com.openkart.Testclass.TC_Login_001"/>
  <testcase name="VerifyLoginWithInvalidCredential" time="3.568" classname="com.openkart.Testclass.TC_Login_001"/>
  <testcase name="VerifyLoginWithInvalidCredential" time="0.15" classname="com.openkart.Testclass.TC_Login_001">
    <failure type="org.openqa.selenium.ElementNotInteractableException" message="element not interactable
  (Session info: chrome=92.0.4515.159)
Build info: version: &amp;apos;3.141.59&amp;apos;, revision: &amp;apos;e82be7d358&amp;apos;, time: &amp;apos;2018-11-14T08:17:03&amp;apos;
System info: host: &amp;apos;DESKTOP-U9BEVS1&amp;apos;, ip: &amp;apos;192.168.24.140&amp;apos;, os.name: &amp;apos;Windows 10&amp;apos;, os.arch: &amp;apos;amd64&amp;apos;, os.version: &amp;apos;10.0&amp;apos;, java.version: &amp;apos;1.8.0_251&amp;apos;
Driver info: org.openqa.selenium.chrome.ChromeDriver
Capabilities {acceptInsecureCerts: false, browserName: chrome, browserVersion: 92.0.4515.159, chrome: {chromedriverVersion: 91.0.4472.101 (af52a90bf870..., userDataDir: C:\Users\AJAYAM~1\AppData\L...}, goog:chromeOptions: {debuggerAddress: localhost:49733}, javascriptEnabled: true, networkConnectionEnabled: false, pageLoadStrategy: normal, platform: WINDOWS, platformName: WINDOWS, proxy: Proxy(), setWindowRect: true, strictFileInteractability: false, timeouts: {implicit: 0, pageLoad: 300000, script: 30000}, unhandledPromptBehavior: dismiss and notify, webauthn:extension:largeBlob: true, webauthn:virtualAuthenticators: true}
Session ID: 36c24407f299e8be99f9528060b2caa9">
      <![CDATA[org.openqa.selenium.ElementNotInteractableException: element not interactable
  (Session info: chrome=92.0.4515.159)
Build info: version: '3.141.59', revision: 'e82be7d358', time: '2018-11-14T08:17:03'
System info: host: 'DESKTOP-U9BEVS1', ip: '192.168.24.140', os.name: 'Windows 10', os.arch: 'amd64', os.version: '10.0', java.version: '1.8.0_251'
Driver info: org.openqa.selenium.chrome.ChromeDriver
Capabilities {acceptInsecureCerts: false, browserName: chrome, browserVersion: 92.0.4515.159, chrome: {chromedriverVersion: 91.0.4472.101 (af52a90bf870..., userDataDir: C:\Users\AJAYAM~1\AppData\L...}, goog:chromeOptions: {debuggerAddress: localhost:49733}, javascriptEnabled: true, networkConnectionEnabled: false, pageLoadStrategy: normal, platform: WINDOWS, platformName: WINDOWS, proxy: Proxy(), setWindowRect: true, strictFileInteractability: false, timeouts: {implicit: 0, pageLoad: 300000, script: 30000}, unhandledPromptBehavior: dismiss and notify, webauthn:extension:largeBlob: true, webauthn:virtualAuthenticators: true}
Session ID: 36c24407f299e8be99f9528060b2caa9
at org.openqa.selenium.remote.http.W3CHttpResponseCodec.createException(W3CHttpResponseCodec.java:187)
at org.openqa.selenium.remote.http.W3CHttpResponseCodec.decode(W3CHttpResponseCodec.java:122)
at org.openqa.selenium.remote.http.W3CHttpResponseCodec.decode(W3CHttpResponseCodec.java:49)
at org.openqa.selenium.remote.HttpCommandExecutor.execute(HttpCommandExecutor.java:158)
at org.openqa.selenium.remote.service.DriverCommandExecutor.execute(DriverCommandExecutor.java:83)
at org.openqa.selenium.remote.RemoteWebDriver.execute(RemoteWebDriver.java:552)
at org.openqa.selenium.remote.RemoteWebElement.execute(RemoteWebElement.java:285)
at org.openqa.selenium.remote.RemoteWebElement.click(RemoteWebElement.java:84)
at org.openqa.selenium.support.pagefactory.internal.LocatingElementHandler.invoke(LocatingElementHandler.java:51)
at com.sun.proxy.$Proxy11.click(Unknown Source)
at com.openkart.Pageobject.Register_page.Myaccount(Register_page.java:66)
at com.openkart.Testclass.TC_Login_001.VerifyLoginWithInvalidCredential(TC_Login_001.java:42)
at java.util.ArrayList.forEach(ArrayList.java:1257)
... Removed 35 stack frames]]>
    </failure>
  </testcase> <!-- VerifyLoginWithInvalidCredential -->
  <testcase name="VerifyLoginWithInvalidCredential" time="3.29" classname="com.openkart.Testclass.TC_Login_001"/>
  <testcase name="VerifyLoginWithInvalidCredential" time="3.376" classname="com.openkart.Testclass.TC_Login_001"/>
  <testcase name="VerifyLoginWithInvalidCredential" time="3.51" classname="com.openkart.Testclass.TC_Login_001"/>
  <testcase name="VerifyLoginWithInvalidCredential" time="3.056" classname="com.openkart.Testclass.TC_Login_001"/>
  <testcase name="VerifyLoginWithInvalidCredential" time="3.205" classname="com.openkart.Testclass.TC_Login_001"/>
  <testcase name="VerifyLoginFieldWithoutCredential" time="3.322" classname="com.openkart.Testclass.TC_Login_001"/>
  <testcase name="VerifyForgottPasswordLinkAvailable" time="1.666" classname="com.openkart.Testclass.TC_Login_001"/>
  <testcase name="VerifyPlaceHolderTextEmailPassword" time="1.88" classname="com.openkart.Testclass.TC_Login_001"/>
  <testcase name="VerifyLoginBrowsingBackByBackButton" time="7.83" classname="com.openkart.Testclass.TC_Login_001"/>
  <testcase name="verify_account_by_providing_all_mandatory_filed" time="6.346" classname="com.openkart.Testclass.TC_REGISTER_001"/>
  <testcase name="verify_YES_option_selected" time="7.99" classname="com.openkart.Testclass.TC_REGISTER_001"/>
  <testcase name="verify_NO_option_selcted" time="8.244" classname="com.openkart.Testclass.TC_REGISTER_001"/>
  <testcase name="different_way_navigate_Register" time="3.466" classname="com.openkart.Testclass.TC_REGISTER_001"/>
  <testcase name="verify_registeraccount_with_differentpassword" time="3.712" classname="com.openkart.Testclass.TC_REGISTER_001"/>
  <testcase name="verifyAccountByProvidingExistingDetails" time="4.429" classname="com.openkart.Testclass.TC_REGISTER_001"/>
</testsuite> <!-- Test -->
