<?xml version="1.0" encoding="UTF-8"?>
<!-- Generated by org.testng.reporters.JUnitXMLReporter -->
<testsuite hostname="DESKTOP-U9BEVS1" ignored="5" name="Default test" tests="7" failures="0" timestamp="2021-08-23T16:41:30 IST" time="1.382" errors="0">
  <testcase name="@BeforeMethod setup" time="-1.629717090353E9" classname="com.openkart.Baseclass.Basepage">
    <failure type="org.testng.TestNGException" message="
Parameter &amp;apos;browser&amp;apos; is required by BeforeMethod on method setup but has not been marked @Optional or defined
in C:\Users\Ajay AM\AppData\Local\Temp\testng-eclipse-1085748036\testng-customsuite.xml">
      <![CDATA[org.testng.TestNGException: 
Parameter 'browser' is required by BeforeMethod on method setup but has not been marked @Optional or defined
in C:\Users\Ajay AM\AppData\Local\Temp\testng-eclipse-1085748036\testng-customsuite.xml
at org.testng.internal.Parameters.createParams(Parameters.java:270)
at org.testng.internal.Parameters.createParametersForMethod(Parameters.java:358)
at org.testng.internal.Parameters.createParameters(Parameters.java:700)
at org.testng.internal.Parameters.createConfigurationParameters(Parameters.java:168)
at org.testng.internal.ConfigInvoker.invokeConfigurations(ConfigInvoker.java:302)
at org.testng.internal.TestInvoker.runConfigMethods(TestInvoker.java:700)
at org.testng.internal.TestInvoker.invokeMethod(TestInvoker.java:527)
at org.testng.internal.TestInvoker.invokeTestMethod(TestInvoker.java:173)
at org.testng.internal.MethodRunner.runInSequence(MethodRunner.java:46)
at org.testng.internal.TestInvoker$MethodInvocationAgent.invoke(TestInvoker.java:824)
at org.testng.internal.TestInvoker.invokeTestMethods(TestInvoker.java:146)
at org.testng.internal.TestMethodWorker.invokeTestMethods(TestMethodWorker.java:146)
at org.testng.internal.TestMethodWorker.run(TestMethodWorker.java:128)
at java.util.ArrayList.forEach(ArrayList.java:1257)
at org.testng.TestRunner.privateRun(TestRunner.java:794)
at org.testng.TestRunner.run(TestRunner.java:596)
at org.testng.SuiteRunner.runTest(SuiteRunner.java:377)
at org.testng.SuiteRunner.runSequentially(SuiteRunner.java:371)
at org.testng.SuiteRunner.privateRun(SuiteRunner.java:332)
at org.testng.SuiteRunner.run(SuiteRunner.java:276)
at org.testng.SuiteRunnerWorker.runSuite(SuiteRunnerWorker.java:53)
at org.testng.SuiteRunnerWorker.run(SuiteRunnerWorker.java:96)
at org.testng.TestNG.runSuitesSequentially(TestNG.java:1212)
at org.testng.TestNG.runSuitesLocally(TestNG.java:1134)
at org.testng.TestNG.runSuites(TestNG.java:1063)
at org.testng.TestNG.run(TestNG.java:1031)
at org.testng.remote.AbstractRemoteTestNG.run(AbstractRemoteTestNG.java:115)
at org.testng.remote.RemoteTestNG.initAndRun(RemoteTestNG.java:251)
at org.testng.remote.RemoteTestNG.main(RemoteTestNG.java:77)
]]>
    </failure>
  </testcase> <!-- @BeforeMethod setup -->
  <testcase name="@AfterMethod teardown" time="-1.629717090387E9" classname="com.openkart.Baseclass.Basepage">
    <skipped/>
  </testcase> <!-- @AfterMethod teardown -->
  <testcase name="@BeforeMethod setup" time="-1.629717090391E9" classname="com.openkart.Baseclass.Basepage">
    <skipped/>
  </testcase> <!-- @BeforeMethod setup -->
  <testcase name="@AfterMethod teardown" time="-1.629717090397E9" classname="com.openkart.Baseclass.Basepage">
    <skipped/>
  </testcase> <!-- @AfterMethod teardown -->
  <testcase name="@BeforeMethod setup" time="-1.629717090399E9" classname="com.openkart.Baseclass.Basepage">
    <skipped/>
  </testcase> <!-- @BeforeMethod setup -->
  <testcase name="@AfterMethod teardown" time="-1.629717090404E9" classname="com.openkart.Baseclass.Basepage">
    <skipped/>
  </testcase> <!-- @AfterMethod teardown -->
  <testcase name="@BeforeMethod setup" time="-1.629717090406E9" classname="com.openkart.Baseclass.Basepage">
    <skipped/>
  </testcase> <!-- @BeforeMethod setup -->
  <testcase name="@AfterMethod teardown" time="-1.629717090412E9" classname="com.openkart.Baseclass.Basepage">
    <skipped/>
  </testcase> <!-- @AfterMethod teardown -->
  <testcase name="@BeforeMethod setup" time="-1.629717090414E9" classname="com.openkart.Baseclass.Basepage">
    <skipped/>
  </testcase> <!-- @BeforeMethod setup -->
  <testcase name="@AfterMethod teardown" time="-1.629717090421E9" classname="com.openkart.Baseclass.Basepage">
    <skipped/>
  </testcase> <!-- @AfterMethod teardown -->
  <testcase name="@BeforeMethod setup" time="-1.629717090424E9" classname="com.openkart.Baseclass.Basepage">
    <skipped/>
  </testcase> <!-- @BeforeMethod setup -->
  <testcase name="@AfterMethod teardown" time="-1.629717090429E9" classname="com.openkart.Baseclass.Basepage">
    <skipped/>
  </testcase> <!-- @AfterMethod teardown -->
  <testcase name="@BeforeMethod setup" time="-1.62971709043E9" classname="com.openkart.Baseclass.Basepage">
    <skipped/>
  </testcase> <!-- @BeforeMethod setup -->
  <testcase name="@AfterMethod teardown" time="-1.629717090435E9" classname="com.openkart.Baseclass.Basepage">
    <skipped/>
  </testcase> <!-- @AfterMethod teardown -->
  <testcase name="VerifyLoginWithInvalidCredential" time="0.0" classname="com.openkart.Testclass.TC_Login_001">
    <skipped/>
  </testcase> <!-- VerifyLoginWithInvalidCredential -->
  <testcase name="VerifyLoginWithInvalidCredential" time="0.0" classname="com.openkart.Testclass.TC_Login_001">
    <skipped/>
  </testcase> <!-- VerifyLoginWithInvalidCredential -->
  <testcase name="VerifyLoginWithInvalidCredential" time="0.0" classname="com.openkart.Testclass.TC_Login_001">
    <skipped/>
  </testcase> <!-- VerifyLoginWithInvalidCredential -->
  <testcase name="VerifyLoginWithInvalidCredential" time="0.0" classname="com.openkart.Testclass.TC_Login_001">
    <skipped/>
  </testcase> <!-- VerifyLoginWithInvalidCredential -->
  <testcase name="VerifyLoginWithInvalidCredential" time="0.0" classname="com.openkart.Testclass.TC_Login_001">
    <skipped/>
  </testcase> <!-- VerifyLoginWithInvalidCredential -->
  <testcase name="VerifyLoginWithInvalidCredential" time="0.0" classname="com.openkart.Testclass.TC_Login_001">
    <skipped/>
  </testcase> <!-- VerifyLoginWithInvalidCredential -->
  <testcase name="VerifyLoginWithInvalidCredential" time="0.0" classname="com.openkart.Testclass.TC_Login_001">
    <skipped/>
  </testcase> <!-- VerifyLoginWithInvalidCredential -->
  <testcase name="VerifyLoginWithValidCredential" time="0.0" classname="com.openkart.Testclass.TC_Login_001">
    <ignored/>
  </testcase> <!-- VerifyLoginWithValidCredential -->
  <testcase name="VerifyLoginBrowsingBackByBackButton" time="0.0" classname="com.openkart.Testclass.TC_Login_001">
    <ignored/>
  </testcase> <!-- VerifyLoginBrowsingBackByBackButton -->
  <testcase name="VerifyPlaceHolderTextEmailPassword" time="0.0" classname="com.openkart.Testclass.TC_Login_001">
    <ignored/>
  </testcase> <!-- VerifyPlaceHolderTextEmailPassword -->
  <testcase name="VerifyForgottPasswordLinkAvailable" time="0.0" classname="com.openkart.Testclass.TC_Login_001">
    <ignored/>
  </testcase> <!-- VerifyForgottPasswordLinkAvailable -->
  <testcase name="VerifyLoginFieldWithoutCredential" time="0.0" classname="com.openkart.Testclass.TC_Login_001">
    <ignored/>
  </testcase> <!-- VerifyLoginFieldWithoutCredential -->
</testsuite> <!-- Default test -->
